{"C:\\Users\\nicla\\Documents\\Projects\\questionnaire-project\\api\\interface\\QuestionHistory\\questionHistory.js": {"path":"C:\\Users\\nicla\\Documents\\Projects\\questionnaire-project\\api\\interface\\QuestionHistory\\questionHistory.js","statementMap":{"0":{"start":{"line":1,"column":10},"end":{"line":1,"column":27}},"1":{"start":{"line":4,"column":2},"end":{"line":11,"column":3}},"2":{"start":{"line":5,"column":4},"end":{"line":5,"column":48}},"3":{"start":{"line":6,"column":4},"end":{"line":6,"column":51}},"4":{"start":{"line":8,"column":4},"end":{"line":8,"column":22}},"5":{"start":{"line":10,"column":4},"end":{"line":10,"column":29}},"6":{"start":{"line":15,"column":2},"end":{"line":15,"column":27}},"7":{"start":{"line":21,"column":14},"end":{"line":21,"column":28}},"8":{"start":{"line":22,"column":2},"end":{"line":22,"column":36}},"9":{"start":{"line":23,"column":2},"end":{"line":23,"column":20}},"10":{"start":{"line":24,"column":2},"end":{"line":24,"column":19}},"11":{"start":{"line":25,"column":2},"end":{"line":28,"column":3}},"12":{"start":{"line":26,"column":4},"end":{"line":26,"column":27}},"13":{"start":{"line":27,"column":4},"end":{"line":27,"column":11}},"14":{"start":{"line":29,"column":14},"end":{"line":29,"column":39}},"15":{"start":{"line":30,"column":19},"end":{"line":30,"column":61}},"16":{"start":{"line":31,"column":2},"end":{"line":31,"column":23}},"17":{"start":{"line":32,"column":2},"end":{"line":32,"column":28}},"18":{"start":{"line":33,"column":2},"end":{"line":33,"column":27}},"19":{"start":{"line":34,"column":2},"end":{"line":34,"column":31}},"20":{"start":{"line":35,"column":2},"end":{"line":35,"column":20}},"21":{"start":{"line":40,"column":2},"end":{"line":40,"column":56}},"22":{"start":{"line":45,"column":2},"end":{"line":45,"column":40}},"23":{"start":{"line":46,"column":2},"end":{"line":46,"column":28}},"24":{"start":{"line":47,"column":20},"end":{"line":47,"column":53}},"25":{"start":{"line":48,"column":2},"end":{"line":55,"column":3}},"26":{"start":{"line":49,"column":4},"end":{"line":53,"column":6}},"27":{"start":{"line":54,"column":4},"end":{"line":54,"column":21}},"28":{"start":{"line":57,"column":2},"end":{"line":57,"column":35}},"29":{"start":{"line":58,"column":2},"end":{"line":58,"column":32}},"30":{"start":{"line":59,"column":2},"end":{"line":59,"column":41}},"31":{"start":{"line":60,"column":2},"end":{"line":60,"column":48}},"32":{"start":{"line":64,"column":2},"end":{"line":64,"column":34}},"33":{"start":{"line":68,"column":2},"end":{"line":68,"column":36}},"34":{"start":{"line":72,"column":0},"end":{"line":72,"column":38}},"35":{"start":{"line":73,"column":0},"end":{"line":73,"column":50}},"36":{"start":{"line":74,"column":0},"end":{"line":74,"column":35}},"37":{"start":{"line":75,"column":0},"end":{"line":75,"column":56}},"38":{"start":{"line":76,"column":0},"end":{"line":76,"column":60}},"39":{"start":{"line":77,"column":0},"end":{"line":77,"column":58}},"40":{"start":{"line":78,"column":0},"end":{"line":80,"column":2}},"41":{"start":{"line":79,"column":2},"end":{"line":79,"column":25}},"42":{"start":{"line":82,"column":0},"end":{"line":84,"column":2}}},"fnMap":{"0":{"name":"KeepHistory","decl":{"start":{"line":3,"column":9},"end":{"line":3,"column":20}},"loc":{"start":{"line":3,"column":30},"end":{"line":12,"column":1}},"line":3},"1":{"name":"reset","decl":{"start":{"line":14,"column":9},"end":{"line":14,"column":14}},"loc":{"start":{"line":14,"column":17},"end":{"line":16,"column":1}},"line":14},"2":{"name":"addToHistory","decl":{"start":{"line":19,"column":9},"end":{"line":19,"column":21}},"loc":{"start":{"line":19,"column":25},"end":{"line":36,"column":1}},"line":19},"3":{"name":"getCurrentIndex","decl":{"start":{"line":39,"column":9},"end":{"line":39,"column":24}},"loc":{"start":{"line":39,"column":27},"end":{"line":41,"column":1}},"line":39},"4":{"name":"travel","decl":{"start":{"line":44,"column":9},"end":{"line":44,"column":15}},"loc":{"start":{"line":44,"column":31},"end":{"line":61,"column":1}},"line":44},"5":{"name":"canTravelForward","decl":{"start":{"line":63,"column":9},"end":{"line":63,"column":25}},"loc":{"start":{"line":63,"column":28},"end":{"line":65,"column":1}},"line":63},"6":{"name":"canTravelBackward","decl":{"start":{"line":67,"column":9},"end":{"line":67,"column":26}},"loc":{"start":{"line":67,"column":29},"end":{"line":69,"column":1}},"line":67},"7":{"name":"(anonymous_7)","decl":{"start":{"line":78,"column":35},"end":{"line":78,"column":36}},"loc":{"start":{"line":78,"column":47},"end":{"line":80,"column":1}},"line":78}},"branchMap":{"0":{"loc":{"start":{"line":4,"column":2},"end":{"line":11,"column":3}},"type":"if","locations":[{"start":{"line":4,"column":2},"end":{"line":11,"column":3}},{"start":{"line":4,"column":2},"end":{"line":11,"column":3}}],"line":4},"1":{"loc":{"start":{"line":25,"column":2},"end":{"line":28,"column":3}},"type":"if","locations":[{"start":{"line":25,"column":2},"end":{"line":28,"column":3}},{"start":{"line":25,"column":2},"end":{"line":28,"column":3}}],"line":25},"2":{"loc":{"start":{"line":44,"column":16},"end":{"line":44,"column":29}},"type":"default-arg","locations":[{"start":{"line":44,"column":27},"end":{"line":44,"column":29}}],"line":44},"3":{"loc":{"start":{"line":48,"column":2},"end":{"line":55,"column":3}},"type":"if","locations":[{"start":{"line":48,"column":2},"end":{"line":55,"column":3}},{"start":{"line":48,"column":2},"end":{"line":55,"column":3}}],"line":48},"4":{"loc":{"start":{"line":48,"column":6},"end":{"line":48,"column":59}},"type":"binary-expr","locations":[{"start":{"line":48,"column":6},"end":{"line":48,"column":40}},{"start":{"line":48,"column":44},"end":{"line":48,"column":59}}],"line":48}},"s":{"0":1,"1":10,"2":0,"3":0,"4":10,"5":10,"6":0,"7":11,"8":11,"9":11,"10":11,"11":11,"12":11,"13":11,"14":0,"15":0,"16":0,"17":0,"18":0,"19":0,"20":0,"21":10,"22":4,"23":4,"24":4,"25":4,"26":1,"27":1,"28":3,"29":3,"30":3,"31":3,"32":6,"33":6,"34":1,"35":1,"36":1,"37":1,"38":1,"39":1,"40":1,"41":3,"42":1},"f":{"0":10,"1":0,"2":11,"3":10,"4":4,"5":6,"6":6,"7":3},"b":{"0":[0,10],"1":[11,0],"2":[0],"3":[1,3],"4":[4,4]},"_coverageSchema":"1a1c01bbd47fc00a2c39e90264f33305004495a9","hash":"5bfbec4a8c31817168e130b48ac74e265b8c6da5"}
,"C:\\Users\\nicla\\Documents\\Projects\\questionnaire-project\\api\\interface\\QuestionStorage\\QuestionStorage.js": {"path":"C:\\Users\\nicla\\Documents\\Projects\\questionnaire-project\\api\\interface\\QuestionStorage\\QuestionStorage.js","statementMap":{"0":{"start":{"line":1,"column":11},"end":{"line":1,"column":58}},"1":{"start":{"line":2,"column":18},"end":{"line":2,"column":48}},"2":{"start":{"line":3,"column":11},"end":{"line":3,"column":41}},"3":{"start":{"line":23,"column":2},"end":{"line":23,"column":22}},"4":{"start":{"line":24,"column":2},"end":{"line":24,"column":38}},"5":{"start":{"line":28,"column":16},"end":{"line":28,"column":50}},"6":{"start":{"line":30,"column":2},"end":{"line":37,"column":3}},"7":{"start":{"line":31,"column":4},"end":{"line":36,"column":7}},"8":{"start":{"line":32,"column":16},"end":{"line":32,"column":53}},"9":{"start":{"line":33,"column":24},"end":{"line":33,"column":26}},"10":{"start":{"line":34,"column":6},"end":{"line":34,"column":57}},"11":{"start":{"line":34,"column":26},"end":{"line":34,"column":54}},"12":{"start":{"line":35,"column":6},"end":{"line":35,"column":23}},"13":{"start":{"line":38,"column":12},"end":{"line":38,"column":70}},"14":{"start":{"line":39,"column":2},"end":{"line":39,"column":29}},"15":{"start":{"line":43,"column":12},"end":{"line":43,"column":43}},"16":{"start":{"line":45,"column":23},"end":{"line":49,"column":3}},"17":{"start":{"line":50,"column":2},"end":{"line":50,"column":32}},"18":{"start":{"line":54,"column":2},"end":{"line":54,"column":24}},"19":{"start":{"line":58,"column":12},"end":{"line":58,"column":43}},"20":{"start":{"line":60,"column":2},"end":{"line":61,"column":51}},"21":{"start":{"line":61,"column":4},"end":{"line":61,"column":51}},"22":{"start":{"line":63,"column":2},"end":{"line":80,"column":3}},"23":{"start":{"line":65,"column":6},"end":{"line":65,"column":60}},"24":{"start":{"line":66,"column":6},"end":{"line":66,"column":53}},"25":{"start":{"line":67,"column":6},"end":{"line":67,"column":12}},"26":{"start":{"line":69,"column":6},"end":{"line":69,"column":77}},"27":{"start":{"line":70,"column":6},"end":{"line":70,"column":53}},"28":{"start":{"line":71,"column":6},"end":{"line":71,"column":12}},"29":{"start":{"line":73,"column":17},"end":{"line":73,"column":78}},"30":{"start":{"line":74,"column":6},"end":{"line":74,"column":47}},"31":{"start":{"line":76,"column":6},"end":{"line":76,"column":75}},"32":{"start":{"line":76,"column":28},"end":{"line":76,"column":75}},"33":{"start":{"line":77,"column":6},"end":{"line":77,"column":12}},"34":{"start":{"line":79,"column":6},"end":{"line":79,"column":13}},"35":{"start":{"line":85,"column":2},"end":{"line":86,"column":60}},"36":{"start":{"line":86,"column":4},"end":{"line":86,"column":60}},"37":{"start":{"line":88,"column":11},"end":{"line":88,"column":29}},"38":{"start":{"line":89,"column":14},"end":{"line":89,"column":15}},"39":{"start":{"line":90,"column":2},"end":{"line":90,"column":30}},"40":{"start":{"line":91,"column":2},"end":{"line":96,"column":3}},"41":{"start":{"line":92,"column":4},"end":{"line":94,"column":5}},"42":{"start":{"line":93,"column":6},"end":{"line":93,"column":43}},"43":{"start":{"line":95,"column":4},"end":{"line":95,"column":12}},"44":{"start":{"line":97,"column":2},"end":{"line":97,"column":48}},"45":{"start":{"line":103,"column":19},"end":{"line":103,"column":30}},"46":{"start":{"line":104,"column":22},"end":{"line":104,"column":36}},"47":{"start":{"line":105,"column":22},"end":{"line":105,"column":36}},"48":{"start":{"line":108,"column":2},"end":{"line":108,"column":30}},"49":{"start":{"line":112,"column":2},"end":{"line":112,"column":47}},"50":{"start":{"line":116,"column":2},"end":{"line":116,"column":74}},"51":{"start":{"line":119,"column":0},"end":{"line":119,"column":52}},"52":{"start":{"line":120,"column":0},"end":{"line":120,"column":54}},"53":{"start":{"line":121,"column":0},"end":{"line":121,"column":58}},"54":{"start":{"line":122,"column":0},"end":{"line":122,"column":60}},"55":{"start":{"line":123,"column":0},"end":{"line":123,"column":62}},"56":{"start":{"line":124,"column":0},"end":{"line":128,"column":2}},"57":{"start":{"line":125,"column":28},"end":{"line":125,"column":53}},"58":{"start":{"line":126,"column":2},"end":{"line":126,"column":76}},"59":{"start":{"line":126,"column":33},"end":{"line":126,"column":76}},"60":{"start":{"line":127,"column":2},"end":{"line":127,"column":37}},"61":{"start":{"line":129,"column":0},"end":{"line":133,"column":2}},"62":{"start":{"line":130,"column":28},"end":{"line":130,"column":50}},"63":{"start":{"line":131,"column":2},"end":{"line":131,"column":79}},"64":{"start":{"line":131,"column":33},"end":{"line":131,"column":79}},"65":{"start":{"line":132,"column":2},"end":{"line":132,"column":37}},"66":{"start":{"line":135,"column":0},"end":{"line":140,"column":2}}},"fnMap":{"0":{"name":"QuestionStorage","decl":{"start":{"line":22,"column":9},"end":{"line":22,"column":24}},"loc":{"start":{"line":22,"column":27},"end":{"line":25,"column":1}},"line":22},"1":{"name":"addQuestion","decl":{"start":{"line":27,"column":9},"end":{"line":27,"column":20}},"loc":{"start":{"line":27,"column":31},"end":{"line":40,"column":1}},"line":27},"2":{"name":"(anonymous_2)","decl":{"start":{"line":31,"column":37},"end":{"line":31,"column":38}},"loc":{"start":{"line":31,"column":49},"end":{"line":36,"column":5}},"line":31},"3":{"name":"(anonymous_3)","decl":{"start":{"line":34,"column":16},"end":{"line":34,"column":17}},"loc":{"start":{"line":34,"column":26},"end":{"line":34,"column":54}},"line":34},"4":{"name":"replaceQuestion","decl":{"start":{"line":42,"column":9},"end":{"line":42,"column":24}},"loc":{"start":{"line":42,"column":45},"end":{"line":51,"column":1}},"line":42},"5":{"name":"getQuestions","decl":{"start":{"line":53,"column":9},"end":{"line":53,"column":21}},"loc":{"start":{"line":53,"column":24},"end":{"line":55,"column":1}},"line":53},"6":{"name":"updateQuestion","decl":{"start":{"line":57,"column":9},"end":{"line":57,"column":23}},"loc":{"start":{"line":57,"column":42},"end":{"line":81,"column":1}},"line":57},"7":{"name":"findQuestionById","decl":{"start":{"line":84,"column":9},"end":{"line":84,"column":25}},"loc":{"start":{"line":84,"column":36},"end":{"line":98,"column":1}},"line":84},"8":{"name":"addAnswer","decl":{"start":{"line":107,"column":9},"end":{"line":107,"column":18}},"loc":{"start":{"line":107,"column":21},"end":{"line":109,"column":1}},"line":107},"9":{"name":"removeAnswer","decl":{"start":{"line":111,"column":9},"end":{"line":111,"column":21}},"loc":{"start":{"line":111,"column":29},"end":{"line":113,"column":1}},"line":111},"10":{"name":"updateAnswer","decl":{"start":{"line":115,"column":9},"end":{"line":115,"column":21}},"loc":{"start":{"line":115,"column":37},"end":{"line":117,"column":1}},"line":115},"11":{"name":"(anonymous_11)","decl":{"start":{"line":124,"column":39},"end":{"line":124,"column":40}},"loc":{"start":{"line":124,"column":51},"end":{"line":128,"column":1}},"line":124},"12":{"name":"(anonymous_12)","decl":{"start":{"line":129,"column":42},"end":{"line":129,"column":43}},"loc":{"start":{"line":129,"column":54},"end":{"line":133,"column":1}},"line":129}},"branchMap":{"0":{"loc":{"start":{"line":30,"column":2},"end":{"line":37,"column":3}},"type":"if","locations":[{"start":{"line":30,"column":2},"end":{"line":37,"column":3}},{"start":{"line":30,"column":2},"end":{"line":37,"column":3}}],"line":30},"1":{"loc":{"start":{"line":60,"column":2},"end":{"line":61,"column":51}},"type":"if","locations":[{"start":{"line":60,"column":2},"end":{"line":61,"column":51}},{"start":{"line":60,"column":2},"end":{"line":61,"column":51}}],"line":60},"2":{"loc":{"start":{"line":60,"column":6},"end":{"line":60,"column":75}},"type":"binary-expr","locations":[{"start":{"line":60,"column":6},"end":{"line":60,"column":39}},{"start":{"line":60,"column":43},"end":{"line":60,"column":75}}],"line":60},"3":{"loc":{"start":{"line":63,"column":2},"end":{"line":80,"column":3}},"type":"switch","locations":[{"start":{"line":64,"column":4},"end":{"line":67,"column":12}},{"start":{"line":68,"column":4},"end":{"line":71,"column":12}},{"start":{"line":72,"column":4},"end":{"line":77,"column":12}},{"start":{"line":78,"column":4},"end":{"line":79,"column":13}}],"line":63},"4":{"loc":{"start":{"line":76,"column":6},"end":{"line":76,"column":75}},"type":"if","locations":[{"start":{"line":76,"column":6},"end":{"line":76,"column":75}},{"start":{"line":76,"column":6},"end":{"line":76,"column":75}}],"line":76},"5":{"loc":{"start":{"line":85,"column":2},"end":{"line":86,"column":60}},"type":"if","locations":[{"start":{"line":85,"column":2},"end":{"line":86,"column":60}},{"start":{"line":85,"column":2},"end":{"line":86,"column":60}}],"line":85},"6":{"loc":{"start":{"line":92,"column":4},"end":{"line":94,"column":5}},"type":"if","locations":[{"start":{"line":92,"column":4},"end":{"line":94,"column":5}},{"start":{"line":92,"column":4},"end":{"line":94,"column":5}}],"line":92},"7":{"loc":{"start":{"line":126,"column":2},"end":{"line":126,"column":76}},"type":"if","locations":[{"start":{"line":126,"column":2},"end":{"line":126,"column":76}},{"start":{"line":126,"column":2},"end":{"line":126,"column":76}}],"line":126},"8":{"loc":{"start":{"line":131,"column":2},"end":{"line":131,"column":79}},"type":"if","locations":[{"start":{"line":131,"column":2},"end":{"line":131,"column":79}},{"start":{"line":131,"column":2},"end":{"line":131,"column":79}}],"line":131}},"s":{"0":1,"1":1,"2":1,"3":10,"4":10,"5":11,"6":11,"7":10,"8":14,"9":14,"10":14,"11":28,"12":14,"13":11,"14":8,"15":6,"16":6,"17":6,"18":20,"19":6,"20":6,"21":6,"22":6,"23":1,"24":1,"25":1,"26":1,"27":1,"28":1,"29":4,"30":4,"31":4,"32":3,"33":4,"34":0,"35":12,"36":0,"37":12,"38":12,"39":12,"40":12,"41":12,"42":12,"43":0,"44":0,"45":1,"46":1,"47":1,"48":1,"49":1,"50":4,"51":1,"52":1,"53":1,"54":1,"55":1,"56":1,"57":3,"58":3,"59":1,"60":2,"61":1,"62":1,"63":1,"64":0,"65":1,"66":1},"f":{"0":10,"1":11,"2":14,"3":28,"4":6,"5":20,"6":6,"7":12,"8":1,"9":1,"10":4,"11":3,"12":1},"b":{"0":[10,1],"1":[6,0],"2":[6,6],"3":[1,1,4,0],"4":[3,1],"5":[0,12],"6":[12,0],"7":[1,2],"8":[0,1]},"_coverageSchema":"1a1c01bbd47fc00a2c39e90264f33305004495a9","hash":"07b071803057cafc2517c5b123bc2fc5c5820b8d"}
,"C:\\Users\\nicla\\Documents\\Projects\\questionnaire-project\\api\\interface\\QuestionStorage\\questionInterface.js": {"path":"C:\\Users\\nicla\\Documents\\Projects\\questionnaire-project\\api\\interface\\QuestionStorage\\questionInterface.js","statementMap":{"0":{"start":{"line":1,"column":10},"end":{"line":1,"column":27}},"1":{"start":{"line":14,"column":22},"end":{"line":26,"column":1}},"2":{"start":{"line":15,"column":19},"end":{"line":15,"column":27}},"3":{"start":{"line":16,"column":16},"end":{"line":16,"column":37}},"4":{"start":{"line":17,"column":15},"end":{"line":17,"column":74}},"5":{"start":{"line":17,"column":52},"end":{"line":17,"column":73}},"6":{"start":{"line":19,"column":4},"end":{"line":25,"column":5}},"7":{"start":{"line":22,"column":8},"end":{"line":24,"column":38}},"8":{"start":{"line":29,"column":20},"end":{"line":32,"column":1}},"9":{"start":{"line":30,"column":15},"end":{"line":30,"column":36}},"10":{"start":{"line":31,"column":18},"end":{"line":31,"column":40}},"11":{"start":{"line":37,"column":2},"end":{"line":39,"column":3}},"12":{"start":{"line":38,"column":4},"end":{"line":38,"column":117}},"13":{"start":{"line":40,"column":22},"end":{"line":40,"column":64}},"14":{"start":{"line":41,"column":24},"end":{"line":48,"column":3}},"15":{"start":{"line":49,"column":2},"end":{"line":49,"column":23}},"16":{"start":{"line":53,"column":10},"end":{"line":53,"column":31}},"17":{"start":{"line":54,"column":2},"end":{"line":54,"column":39}},"18":{"start":{"line":55,"column":2},"end":{"line":55,"column":32}},"19":{"start":{"line":59,"column":10},"end":{"line":59,"column":31}},"20":{"start":{"line":60,"column":2},"end":{"line":61,"column":60}},"21":{"start":{"line":61,"column":4},"end":{"line":61,"column":60}},"22":{"start":{"line":62,"column":20},"end":{"line":66,"column":3}},"23":{"start":{"line":67,"column":2},"end":{"line":67,"column":37}},"24":{"start":{"line":68,"column":2},"end":{"line":68,"column":48}},"25":{"start":{"line":72,"column":10},"end":{"line":72,"column":31}},"26":{"start":{"line":73,"column":2},"end":{"line":74,"column":60}},"27":{"start":{"line":74,"column":4},"end":{"line":74,"column":60}},"28":{"start":{"line":75,"column":15},"end":{"line":78,"column":3}},"29":{"start":{"line":79,"column":2},"end":{"line":79,"column":56}},"30":{"start":{"line":84,"column":15},"end":{"line":88,"column":3}},"31":{"start":{"line":89,"column":2},"end":{"line":89,"column":14}},"32":{"start":{"line":99,"column":19},"end":{"line":99,"column":21}},"33":{"start":{"line":100,"column":17},"end":{"line":111,"column":3}},"34":{"start":{"line":102,"column":18},"end":{"line":102,"column":64}},"35":{"start":{"line":103,"column":6},"end":{"line":108,"column":8}},"36":{"start":{"line":112,"column":2},"end":{"line":112,"column":16}},"37":{"start":{"line":116,"column":2},"end":{"line":116,"column":56}},"38":{"start":{"line":120,"column":23},"end":{"line":125,"column":1}},"39":{"start":{"line":121,"column":2},"end":{"line":121,"column":21}},"40":{"start":{"line":122,"column":2},"end":{"line":122,"column":25}},"41":{"start":{"line":123,"column":2},"end":{"line":123,"column":17}},"42":{"start":{"line":124,"column":2},"end":{"line":124,"column":22}},"43":{"start":{"line":127,"column":21},"end":{"line":130,"column":1}},"44":{"start":{"line":128,"column":2},"end":{"line":128,"column":27}},"45":{"start":{"line":129,"column":2},"end":{"line":129,"column":23}},"46":{"start":{"line":134,"column":17},"end":{"line":134,"column":34}},"47":{"start":{"line":135,"column":17},"end":{"line":135,"column":34}},"48":{"start":{"line":136,"column":19},"end":{"line":140,"column":3}},"49":{"start":{"line":138,"column":6},"end":{"line":138,"column":64}},"50":{"start":{"line":141,"column":2},"end":{"line":141,"column":20}},"51":{"start":{"line":145,"column":17},"end":{"line":145,"column":53}},"52":{"start":{"line":146,"column":16},"end":{"line":146,"column":50}},"53":{"start":{"line":147,"column":2},"end":{"line":152,"column":6}},"54":{"start":{"line":147,"column":17},"end":{"line":147,"column":31}},"55":{"start":{"line":149,"column":4},"end":{"line":152,"column":6}},"56":{"start":{"line":157,"column":15},"end":{"line":157,"column":45}},"57":{"start":{"line":158,"column":16},"end":{"line":158,"column":17}},"58":{"start":{"line":159,"column":14},"end":{"line":159,"column":32}},"59":{"start":{"line":160,"column":2},"end":{"line":162,"column":3}},"60":{"start":{"line":161,"column":4},"end":{"line":161,"column":37}},"61":{"start":{"line":163,"column":2},"end":{"line":170,"column":5}},"62":{"start":{"line":164,"column":4},"end":{"line":169,"column":5}},"63":{"start":{"line":165,"column":6},"end":{"line":168,"column":7}},"64":{"start":{"line":166,"column":8},"end":{"line":166,"column":18}},"65":{"start":{"line":167,"column":8},"end":{"line":167,"column":36}},"66":{"start":{"line":171,"column":2},"end":{"line":171,"column":40}},"67":{"start":{"line":175,"column":2},"end":{"line":179,"column":4}},"68":{"start":{"line":182,"column":0},"end":{"line":195,"column":2}}},"fnMap":{"0":{"name":"(anonymous_0)","decl":{"start":{"line":15,"column":12},"end":{"line":15,"column":13}},"loc":{"start":{"line":15,"column":19},"end":{"line":15,"column":27}},"line":15},"1":{"name":"(anonymous_1)","decl":{"start":{"line":16,"column":9},"end":{"line":16,"column":10}},"loc":{"start":{"line":16,"column":16},"end":{"line":16,"column":37}},"line":16},"2":{"name":"(anonymous_2)","decl":{"start":{"line":17,"column":8},"end":{"line":17,"column":9}},"loc":{"start":{"line":17,"column":15},"end":{"line":17,"column":74}},"line":17},"3":{"name":"(anonymous_3)","decl":{"start":{"line":17,"column":45},"end":{"line":17,"column":46}},"loc":{"start":{"line":17,"column":52},"end":{"line":17,"column":73}},"line":17},"4":{"name":"(anonymous_4)","decl":{"start":{"line":18,"column":13},"end":{"line":18,"column":14}},"loc":{"start":{"line":19,"column":4},"end":{"line":25,"column":5}},"line":19},"5":{"name":"(anonymous_5)","decl":{"start":{"line":21,"column":6},"end":{"line":21,"column":7}},"loc":{"start":{"line":22,"column":8},"end":{"line":24,"column":38}},"line":22},"6":{"name":"(anonymous_6)","decl":{"start":{"line":30,"column":8},"end":{"line":30,"column":9}},"loc":{"start":{"line":30,"column":15},"end":{"line":30,"column":36}},"line":30},"7":{"name":"(anonymous_7)","decl":{"start":{"line":31,"column":11},"end":{"line":31,"column":12}},"loc":{"start":{"line":31,"column":18},"end":{"line":31,"column":40}},"line":31},"8":{"name":"questionFromObject","decl":{"start":{"line":35,"column":9},"end":{"line":35,"column":27}},"loc":{"start":{"line":35,"column":33},"end":{"line":50,"column":1}},"line":35},"9":{"name":"addAnswer","decl":{"start":{"line":52,"column":9},"end":{"line":52,"column":18}},"loc":{"start":{"line":52,"column":29},"end":{"line":56,"column":1}},"line":52},"10":{"name":"updateAnswer","decl":{"start":{"line":58,"column":9},"end":{"line":58,"column":21}},"loc":{"start":{"line":58,"column":48},"end":{"line":69,"column":1}},"line":58},"11":{"name":"deleteAnswer","decl":{"start":{"line":71,"column":9},"end":{"line":71,"column":21}},"loc":{"start":{"line":71,"column":39},"end":{"line":80,"column":1}},"line":71},"12":{"name":"updateQuestion","decl":{"start":{"line":83,"column":9},"end":{"line":83,"column":23}},"loc":{"start":{"line":83,"column":42},"end":{"line":90,"column":1}},"line":83},"13":{"name":"keyTypesAreValid","decl":{"start":{"line":98,"column":9},"end":{"line":98,"column":25}},"loc":{"start":{"line":98,"column":37},"end":{"line":113,"column":1}},"line":98},"14":{"name":"(anonymous_14)","decl":{"start":{"line":101,"column":4},"end":{"line":101,"column":5}},"loc":{"start":{"line":101,"column":18},"end":{"line":109,"column":5}},"line":101},"15":{"name":"hasExactlySameKeys","decl":{"start":{"line":115,"column":9},"end":{"line":115,"column":27}},"loc":{"start":{"line":115,"column":39},"end":{"line":117,"column":1}},"line":115},"16":{"name":"(anonymous_16)","decl":{"start":{"line":120,"column":23},"end":{"line":120,"column":24}},"loc":{"start":{"line":120,"column":37},"end":{"line":125,"column":1}},"line":120},"17":{"name":"(anonymous_17)","decl":{"start":{"line":127,"column":21},"end":{"line":127,"column":22}},"loc":{"start":{"line":127,"column":33},"end":{"line":130,"column":1}},"line":127},"18":{"name":"keysInBoth","decl":{"start":{"line":133,"column":9},"end":{"line":133,"column":19}},"loc":{"start":{"line":133,"column":32},"end":{"line":142,"column":1}},"line":133},"19":{"name":"(anonymous_19)","decl":{"start":{"line":137,"column":4},"end":{"line":137,"column":5}},"loc":{"start":{"line":138,"column":6},"end":{"line":138,"column":64}},"line":138},"20":{"name":"updateObjectKeysWithTypeChecking","decl":{"start":{"line":144,"column":9},"end":{"line":144,"column":41}},"loc":{"start":{"line":144,"column":68},"end":{"line":153,"column":1}},"line":144},"21":{"name":"updateObjectKeys","decl":{"start":{"line":156,"column":9},"end":{"line":156,"column":25}},"loc":{"start":{"line":156,"column":46},"end":{"line":172,"column":1}},"line":156},"22":{"name":"(anonymous_22)","decl":{"start":{"line":163,"column":11},"end":{"line":163,"column":12}},"loc":{"start":{"line":163,"column":20},"end":{"line":170,"column":3}},"line":163},"23":{"name":"isInt","decl":{"start":{"line":174,"column":9},"end":{"line":174,"column":14}},"loc":{"start":{"line":174,"column":22},"end":{"line":180,"column":1}},"line":174}},"branchMap":{"0":{"loc":{"start":{"line":17,"column":15},"end":{"line":17,"column":74}},"type":"binary-expr","locations":[{"start":{"line":17,"column":15},"end":{"line":17,"column":33}},{"start":{"line":17,"column":37},"end":{"line":17,"column":74}}],"line":17},"1":{"loc":{"start":{"line":19,"column":4},"end":{"line":25,"column":5}},"type":"binary-expr","locations":[{"start":{"line":19,"column":4},"end":{"line":19,"column":22}},{"start":{"line":20,"column":4},"end":{"line":25,"column":5}}],"line":19},"2":{"loc":{"start":{"line":22,"column":8},"end":{"line":24,"column":38}},"type":"binary-expr","locations":[{"start":{"line":22,"column":8},"end":{"line":22,"column":29}},{"start":{"line":23,"column":8},"end":{"line":23,"column":34}},{"start":{"line":24,"column":8},"end":{"line":24,"column":38}}],"line":22},"3":{"loc":{"start":{"line":37,"column":2},"end":{"line":39,"column":3}},"type":"if","locations":[{"start":{"line":37,"column":2},"end":{"line":39,"column":3}},{"start":{"line":37,"column":2},"end":{"line":39,"column":3}}],"line":37},"4":{"loc":{"start":{"line":37,"column":6},"end":{"line":37,"column":43}},"type":"binary-expr","locations":[{"start":{"line":37,"column":6},"end":{"line":37,"column":19}},{"start":{"line":37,"column":23},"end":{"line":37,"column":43}}],"line":37},"5":{"loc":{"start":{"line":60,"column":2},"end":{"line":61,"column":60}},"type":"if","locations":[{"start":{"line":60,"column":2},"end":{"line":61,"column":60}},{"start":{"line":60,"column":2},"end":{"line":61,"column":60}}],"line":60},"6":{"loc":{"start":{"line":73,"column":2},"end":{"line":74,"column":60}},"type":"if","locations":[{"start":{"line":73,"column":2},"end":{"line":74,"column":60}},{"start":{"line":73,"column":2},"end":{"line":74,"column":60}}],"line":73},"7":{"loc":{"start":{"line":102,"column":18},"end":{"line":102,"column":64}},"type":"binary-expr","locations":[{"start":{"line":102,"column":18},"end":{"line":102,"column":41}},{"start":{"line":102,"column":45},"end":{"line":102,"column":64}}],"line":102},"8":{"loc":{"start":{"line":104,"column":13},"end":{"line":104,"column":29}},"type":"binary-expr","locations":[{"start":{"line":104,"column":13},"end":{"line":104,"column":18}},{"start":{"line":104,"column":22},"end":{"line":104,"column":29}}],"line":104},"9":{"loc":{"start":{"line":105,"column":18},"end":{"line":107,"column":24}},"type":"cond-expr","locations":[{"start":{"line":106,"column":12},"end":{"line":106,"column":75}},{"start":{"line":107,"column":12},"end":{"line":107,"column":24}}],"line":105},"10":{"loc":{"start":{"line":138,"column":6},"end":{"line":138,"column":64}},"type":"cond-expr","locations":[{"start":{"line":138,"column":30},"end":{"line":138,"column":50}},{"start":{"line":138,"column":53},"end":{"line":138,"column":64}}],"line":138},"11":{"loc":{"start":{"line":147,"column":2},"end":{"line":152,"column":6}},"type":"if","locations":[{"start":{"line":147,"column":2},"end":{"line":152,"column":6}},{"start":{"line":147,"column":2},"end":{"line":152,"column":6}}],"line":147},"12":{"loc":{"start":{"line":160,"column":2},"end":{"line":162,"column":3}},"type":"if","locations":[{"start":{"line":160,"column":2},"end":{"line":162,"column":3}},{"start":{"line":160,"column":2},"end":{"line":162,"column":3}}],"line":160},"13":{"loc":{"start":{"line":164,"column":4},"end":{"line":169,"column":5}},"type":"if","locations":[{"start":{"line":164,"column":4},"end":{"line":169,"column":5}},{"start":{"line":164,"column":4},"end":{"line":169,"column":5}}],"line":164},"14":{"loc":{"start":{"line":165,"column":6},"end":{"line":168,"column":7}},"type":"if","locations":[{"start":{"line":165,"column":6},"end":{"line":168,"column":7}},{"start":{"line":165,"column":6},"end":{"line":168,"column":7}}],"line":165},"15":{"loc":{"start":{"line":176,"column":4},"end":{"line":178,"column":31}},"type":"binary-expr","locations":[{"start":{"line":176,"column":4},"end":{"line":176,"column":17}},{"start":{"line":177,"column":4},"end":{"line":177,"column":36}},{"start":{"line":178,"column":4},"end":{"line":178,"column":31}}],"line":176}},"s":{"0":2,"1":2,"2":22,"3":22,"4":22,"5":13,"6":22,"7":19,"8":2,"9":8,"10":8,"11":22,"12":2,"13":20,"14":20,"15":13,"16":3,"17":3,"18":3,"19":8,"20":8,"21":0,"22":8,"23":7,"24":7,"25":2,"26":2,"27":0,"28":2,"29":2,"30":0,"31":0,"32":30,"33":30,"34":104,"35":104,"36":30,"37":0,"38":2,"39":32,"40":32,"41":32,"42":32,"43":2,"44":3,"45":3,"46":47,"47":47,"48":47,"49":143,"50":47,"51":30,"52":30,"53":30,"54":22,"55":8,"56":30,"57":30,"58":30,"59":30,"60":0,"61":30,"62":61,"63":38,"64":36,"65":36,"66":30,"67":59,"68":2},"f":{"0":22,"1":22,"2":22,"3":13,"4":22,"5":19,"6":8,"7":8,"8":22,"9":3,"10":8,"11":2,"12":0,"13":30,"14":104,"15":0,"16":32,"17":3,"18":47,"19":143,"20":30,"21":30,"22":61,"23":59},"b":{"0":[22,20],"1":[22,21],"2":[19,18,17],"3":[2,20],"4":[22,22],"5":[0,8],"6":[0,2],"7":[104,104],"8":[104,95],"9":[9,95],"10":[95,48],"11":[22,8],"12":[0,30],"13":[38,23],"14":[36,2],"15":[59,56,56]},"_coverageSchema":"1a1c01bbd47fc00a2c39e90264f33305004495a9","hash":"fcb0980f153f4580194a0e7d5d43672192bbf10c"}
}
