{"C:\\Users\\nicla\\Documents\\Projects\\questionnaire-project\\api\\interface\\questionInterface.js": {"path":"C:\\Users\\nicla\\Documents\\Projects\\questionnaire-project\\api\\interface\\questionInterface.js","statementMap":{"0":{"start":{"line":1,"column":10},"end":{"line":1,"column":27}},"1":{"start":{"line":14,"column":22},"end":{"line":26,"column":1}},"2":{"start":{"line":15,"column":19},"end":{"line":15,"column":27}},"3":{"start":{"line":16,"column":16},"end":{"line":16,"column":37}},"4":{"start":{"line":17,"column":15},"end":{"line":17,"column":74}},"5":{"start":{"line":17,"column":52},"end":{"line":17,"column":73}},"6":{"start":{"line":19,"column":4},"end":{"line":25,"column":5}},"7":{"start":{"line":22,"column":8},"end":{"line":24,"column":38}},"8":{"start":{"line":29,"column":20},"end":{"line":32,"column":1}},"9":{"start":{"line":30,"column":15},"end":{"line":30,"column":36}},"10":{"start":{"line":31,"column":18},"end":{"line":31,"column":40}},"11":{"start":{"line":37,"column":2},"end":{"line":39,"column":3}},"12":{"start":{"line":38,"column":4},"end":{"line":38,"column":117}},"13":{"start":{"line":40,"column":22},"end":{"line":40,"column":64}},"14":{"start":{"line":41,"column":24},"end":{"line":48,"column":3}},"15":{"start":{"line":49,"column":2},"end":{"line":49,"column":23}},"16":{"start":{"line":53,"column":10},"end":{"line":53,"column":31}},"17":{"start":{"line":54,"column":2},"end":{"line":54,"column":39}},"18":{"start":{"line":55,"column":2},"end":{"line":55,"column":32}},"19":{"start":{"line":59,"column":10},"end":{"line":59,"column":31}},"20":{"start":{"line":60,"column":2},"end":{"line":61,"column":60}},"21":{"start":{"line":61,"column":4},"end":{"line":61,"column":60}},"22":{"start":{"line":62,"column":20},"end":{"line":66,"column":3}},"23":{"start":{"line":67,"column":2},"end":{"line":67,"column":37}},"24":{"start":{"line":68,"column":2},"end":{"line":68,"column":48}},"25":{"start":{"line":72,"column":10},"end":{"line":72,"column":31}},"26":{"start":{"line":73,"column":2},"end":{"line":74,"column":60}},"27":{"start":{"line":74,"column":4},"end":{"line":74,"column":60}},"28":{"start":{"line":75,"column":15},"end":{"line":78,"column":3}},"29":{"start":{"line":79,"column":2},"end":{"line":79,"column":56}},"30":{"start":{"line":89,"column":19},"end":{"line":89,"column":21}},"31":{"start":{"line":90,"column":17},"end":{"line":101,"column":3}},"32":{"start":{"line":92,"column":18},"end":{"line":92,"column":64}},"33":{"start":{"line":93,"column":6},"end":{"line":98,"column":8}},"34":{"start":{"line":102,"column":2},"end":{"line":102,"column":16}},"35":{"start":{"line":106,"column":2},"end":{"line":106,"column":56}},"36":{"start":{"line":110,"column":23},"end":{"line":115,"column":1}},"37":{"start":{"line":111,"column":2},"end":{"line":111,"column":21}},"38":{"start":{"line":112,"column":2},"end":{"line":112,"column":25}},"39":{"start":{"line":113,"column":2},"end":{"line":113,"column":17}},"40":{"start":{"line":114,"column":2},"end":{"line":114,"column":22}},"41":{"start":{"line":117,"column":21},"end":{"line":120,"column":1}},"42":{"start":{"line":118,"column":2},"end":{"line":118,"column":27}},"43":{"start":{"line":119,"column":2},"end":{"line":119,"column":23}},"44":{"start":{"line":124,"column":17},"end":{"line":124,"column":34}},"45":{"start":{"line":125,"column":17},"end":{"line":125,"column":34}},"46":{"start":{"line":126,"column":19},"end":{"line":130,"column":3}},"47":{"start":{"line":128,"column":6},"end":{"line":128,"column":64}},"48":{"start":{"line":131,"column":2},"end":{"line":131,"column":20}},"49":{"start":{"line":135,"column":17},"end":{"line":135,"column":53}},"50":{"start":{"line":136,"column":16},"end":{"line":136,"column":50}},"51":{"start":{"line":137,"column":2},"end":{"line":142,"column":6}},"52":{"start":{"line":137,"column":17},"end":{"line":137,"column":31}},"53":{"start":{"line":139,"column":4},"end":{"line":142,"column":6}},"54":{"start":{"line":147,"column":15},"end":{"line":147,"column":45}},"55":{"start":{"line":148,"column":16},"end":{"line":148,"column":17}},"56":{"start":{"line":149,"column":14},"end":{"line":149,"column":32}},"57":{"start":{"line":150,"column":2},"end":{"line":152,"column":3}},"58":{"start":{"line":151,"column":4},"end":{"line":151,"column":37}},"59":{"start":{"line":153,"column":2},"end":{"line":160,"column":5}},"60":{"start":{"line":154,"column":4},"end":{"line":159,"column":5}},"61":{"start":{"line":155,"column":6},"end":{"line":158,"column":7}},"62":{"start":{"line":156,"column":8},"end":{"line":156,"column":18}},"63":{"start":{"line":157,"column":8},"end":{"line":157,"column":36}},"64":{"start":{"line":161,"column":2},"end":{"line":161,"column":40}},"65":{"start":{"line":165,"column":2},"end":{"line":169,"column":4}},"66":{"start":{"line":172,"column":0},"end":{"line":182,"column":2}}},"fnMap":{"0":{"name":"(anonymous_0)","decl":{"start":{"line":15,"column":12},"end":{"line":15,"column":13}},"loc":{"start":{"line":15,"column":19},"end":{"line":15,"column":27}},"line":15},"1":{"name":"(anonymous_1)","decl":{"start":{"line":16,"column":9},"end":{"line":16,"column":10}},"loc":{"start":{"line":16,"column":16},"end":{"line":16,"column":37}},"line":16},"2":{"name":"(anonymous_2)","decl":{"start":{"line":17,"column":8},"end":{"line":17,"column":9}},"loc":{"start":{"line":17,"column":15},"end":{"line":17,"column":74}},"line":17},"3":{"name":"(anonymous_3)","decl":{"start":{"line":17,"column":45},"end":{"line":17,"column":46}},"loc":{"start":{"line":17,"column":52},"end":{"line":17,"column":73}},"line":17},"4":{"name":"(anonymous_4)","decl":{"start":{"line":18,"column":13},"end":{"line":18,"column":14}},"loc":{"start":{"line":19,"column":4},"end":{"line":25,"column":5}},"line":19},"5":{"name":"(anonymous_5)","decl":{"start":{"line":21,"column":6},"end":{"line":21,"column":7}},"loc":{"start":{"line":22,"column":8},"end":{"line":24,"column":38}},"line":22},"6":{"name":"(anonymous_6)","decl":{"start":{"line":30,"column":8},"end":{"line":30,"column":9}},"loc":{"start":{"line":30,"column":15},"end":{"line":30,"column":36}},"line":30},"7":{"name":"(anonymous_7)","decl":{"start":{"line":31,"column":11},"end":{"line":31,"column":12}},"loc":{"start":{"line":31,"column":18},"end":{"line":31,"column":40}},"line":31},"8":{"name":"questionFromObject","decl":{"start":{"line":35,"column":9},"end":{"line":35,"column":27}},"loc":{"start":{"line":35,"column":33},"end":{"line":50,"column":1}},"line":35},"9":{"name":"addAnswer","decl":{"start":{"line":52,"column":9},"end":{"line":52,"column":18}},"loc":{"start":{"line":52,"column":29},"end":{"line":56,"column":1}},"line":52},"10":{"name":"updateAnswer","decl":{"start":{"line":58,"column":9},"end":{"line":58,"column":21}},"loc":{"start":{"line":58,"column":48},"end":{"line":69,"column":1}},"line":58},"11":{"name":"deleteAnswer","decl":{"start":{"line":71,"column":9},"end":{"line":71,"column":21}},"loc":{"start":{"line":71,"column":39},"end":{"line":80,"column":1}},"line":71},"12":{"name":"keyTypesAreValid","decl":{"start":{"line":88,"column":9},"end":{"line":88,"column":25}},"loc":{"start":{"line":88,"column":37},"end":{"line":103,"column":1}},"line":88},"13":{"name":"(anonymous_13)","decl":{"start":{"line":91,"column":4},"end":{"line":91,"column":5}},"loc":{"start":{"line":91,"column":18},"end":{"line":99,"column":5}},"line":91},"14":{"name":"hasExactlySameKeys","decl":{"start":{"line":105,"column":9},"end":{"line":105,"column":27}},"loc":{"start":{"line":105,"column":39},"end":{"line":107,"column":1}},"line":105},"15":{"name":"(anonymous_15)","decl":{"start":{"line":110,"column":23},"end":{"line":110,"column":24}},"loc":{"start":{"line":110,"column":37},"end":{"line":115,"column":1}},"line":110},"16":{"name":"(anonymous_16)","decl":{"start":{"line":117,"column":21},"end":{"line":117,"column":22}},"loc":{"start":{"line":117,"column":33},"end":{"line":120,"column":1}},"line":117},"17":{"name":"keysInBoth","decl":{"start":{"line":123,"column":9},"end":{"line":123,"column":19}},"loc":{"start":{"line":123,"column":32},"end":{"line":132,"column":1}},"line":123},"18":{"name":"(anonymous_18)","decl":{"start":{"line":127,"column":4},"end":{"line":127,"column":5}},"loc":{"start":{"line":128,"column":6},"end":{"line":128,"column":64}},"line":128},"19":{"name":"updateObjectKeysWithTypeChecking","decl":{"start":{"line":134,"column":9},"end":{"line":134,"column":41}},"loc":{"start":{"line":134,"column":68},"end":{"line":143,"column":1}},"line":134},"20":{"name":"updateObjectKeys","decl":{"start":{"line":146,"column":9},"end":{"line":146,"column":25}},"loc":{"start":{"line":146,"column":46},"end":{"line":162,"column":1}},"line":146},"21":{"name":"(anonymous_21)","decl":{"start":{"line":153,"column":11},"end":{"line":153,"column":12}},"loc":{"start":{"line":153,"column":20},"end":{"line":160,"column":3}},"line":153},"22":{"name":"isInt","decl":{"start":{"line":164,"column":9},"end":{"line":164,"column":14}},"loc":{"start":{"line":164,"column":22},"end":{"line":170,"column":1}},"line":164}},"branchMap":{"0":{"loc":{"start":{"line":17,"column":15},"end":{"line":17,"column":74}},"type":"binary-expr","locations":[{"start":{"line":17,"column":15},"end":{"line":17,"column":33}},{"start":{"line":17,"column":37},"end":{"line":17,"column":74}}],"line":17},"1":{"loc":{"start":{"line":19,"column":4},"end":{"line":25,"column":5}},"type":"binary-expr","locations":[{"start":{"line":19,"column":4},"end":{"line":19,"column":22}},{"start":{"line":20,"column":4},"end":{"line":25,"column":5}}],"line":19},"2":{"loc":{"start":{"line":22,"column":8},"end":{"line":24,"column":38}},"type":"binary-expr","locations":[{"start":{"line":22,"column":8},"end":{"line":22,"column":29}},{"start":{"line":23,"column":8},"end":{"line":23,"column":34}},{"start":{"line":24,"column":8},"end":{"line":24,"column":38}}],"line":22},"3":{"loc":{"start":{"line":37,"column":2},"end":{"line":39,"column":3}},"type":"if","locations":[{"start":{"line":37,"column":2},"end":{"line":39,"column":3}},{"start":{"line":37,"column":2},"end":{"line":39,"column":3}}],"line":37},"4":{"loc":{"start":{"line":37,"column":6},"end":{"line":37,"column":43}},"type":"binary-expr","locations":[{"start":{"line":37,"column":6},"end":{"line":37,"column":19}},{"start":{"line":37,"column":23},"end":{"line":37,"column":43}}],"line":37},"5":{"loc":{"start":{"line":60,"column":2},"end":{"line":61,"column":60}},"type":"if","locations":[{"start":{"line":60,"column":2},"end":{"line":61,"column":60}},{"start":{"line":60,"column":2},"end":{"line":61,"column":60}}],"line":60},"6":{"loc":{"start":{"line":73,"column":2},"end":{"line":74,"column":60}},"type":"if","locations":[{"start":{"line":73,"column":2},"end":{"line":74,"column":60}},{"start":{"line":73,"column":2},"end":{"line":74,"column":60}}],"line":73},"7":{"loc":{"start":{"line":92,"column":18},"end":{"line":92,"column":64}},"type":"binary-expr","locations":[{"start":{"line":92,"column":18},"end":{"line":92,"column":41}},{"start":{"line":92,"column":45},"end":{"line":92,"column":64}}],"line":92},"8":{"loc":{"start":{"line":94,"column":13},"end":{"line":94,"column":29}},"type":"binary-expr","locations":[{"start":{"line":94,"column":13},"end":{"line":94,"column":18}},{"start":{"line":94,"column":22},"end":{"line":94,"column":29}}],"line":94},"9":{"loc":{"start":{"line":95,"column":18},"end":{"line":97,"column":24}},"type":"cond-expr","locations":[{"start":{"line":96,"column":12},"end":{"line":96,"column":59}},{"start":{"line":97,"column":12},"end":{"line":97,"column":24}}],"line":95},"10":{"loc":{"start":{"line":128,"column":6},"end":{"line":128,"column":64}},"type":"cond-expr","locations":[{"start":{"line":128,"column":30},"end":{"line":128,"column":50}},{"start":{"line":128,"column":53},"end":{"line":128,"column":64}}],"line":128},"11":{"loc":{"start":{"line":137,"column":2},"end":{"line":142,"column":6}},"type":"if","locations":[{"start":{"line":137,"column":2},"end":{"line":142,"column":6}},{"start":{"line":137,"column":2},"end":{"line":142,"column":6}}],"line":137},"12":{"loc":{"start":{"line":150,"column":2},"end":{"line":152,"column":3}},"type":"if","locations":[{"start":{"line":150,"column":2},"end":{"line":152,"column":3}},{"start":{"line":150,"column":2},"end":{"line":152,"column":3}}],"line":150},"13":{"loc":{"start":{"line":154,"column":4},"end":{"line":159,"column":5}},"type":"if","locations":[{"start":{"line":154,"column":4},"end":{"line":159,"column":5}},{"start":{"line":154,"column":4},"end":{"line":159,"column":5}}],"line":154},"14":{"loc":{"start":{"line":155,"column":6},"end":{"line":158,"column":7}},"type":"if","locations":[{"start":{"line":155,"column":6},"end":{"line":158,"column":7}},{"start":{"line":155,"column":6},"end":{"line":158,"column":7}}],"line":155},"15":{"loc":{"start":{"line":166,"column":4},"end":{"line":168,"column":31}},"type":"binary-expr","locations":[{"start":{"line":166,"column":4},"end":{"line":166,"column":17}},{"start":{"line":167,"column":4},"end":{"line":167,"column":36}},{"start":{"line":168,"column":4},"end":{"line":168,"column":31}}],"line":166}},"s":{"0":1,"1":1,"2":12,"3":12,"4":12,"5":12,"6":12,"7":6,"8":1,"9":4,"10":4,"11":11,"12":1,"13":10,"14":10,"15":5,"16":2,"17":2,"18":2,"19":4,"20":4,"21":0,"22":4,"23":3,"24":3,"25":1,"26":1,"27":0,"28":1,"29":1,"30":16,"31":16,"32":56,"33":56,"34":16,"35":0,"36":1,"37":11,"38":11,"39":11,"40":11,"41":1,"42":2,"43":2,"44":19,"45":19,"46":19,"47":63,"48":19,"49":16,"50":16,"51":16,"52":10,"53":6,"54":16,"55":16,"56":16,"57":16,"58":0,"59":16,"60":31,"61":20,"62":19,"63":19,"64":16,"65":26,"66":1},"f":{"0":12,"1":12,"2":12,"3":12,"4":12,"5":6,"6":4,"7":4,"8":11,"9":2,"10":4,"11":1,"12":16,"13":56,"14":0,"15":11,"16":2,"17":19,"18":63,"19":16,"20":16,"21":31,"22":26},"b":{"0":[12,10],"1":[12,11],"2":[6,5,4],"3":[1,10],"4":[11,11],"5":[0,4],"6":[0,1],"7":[56,56],"8":[56,49],"9":[7,49],"10":[37,26],"11":[10,6],"12":[0,16],"13":[20,11],"14":[19,1],"15":[26,24,24]},"_coverageSchema":"1a1c01bbd47fc00a2c39e90264f33305004495a9","hash":"5953faf925c5ef24a11cc4f4cc549dca7e13374c"}
}
